c:\users\amat_\desktop\ac\mandelbrot\mandelbrot_v2\mandelbrot_v2\debug\vc142.pdb
c:\users\amat_\desktop\ac\mandelbrot\mandelbrot_v2\mandelbrot_v2\debug\vc142.idb
c:\users\amat_\desktop\ac\mandelbrot\mandelbrot_v2\mandelbrot_v2\debug\paint.obj
c:\users\amat_\desktop\ac\mandelbrot\mandelbrot_v2\mandelbrot_v2\debug\mandel_c.obj
c:\users\amat_\desktop\ac\mandelbrot\mandelbrot_v2\mandelbrot_v2\debug\mandelbrot_x86_64.obj
c:\users\amat_\desktop\ac\mandelbrot\mandelbrot_v2\mandelbrot_v2\debug\mandelbrot_sse.obj
c:\users\amat_\desktop\ac\mandelbrot\mandelbrot_v2\mandelbrot_v2\debug\main.obj
c:\users\amat_\desktop\ac\mandelbrot\mandelbrot_v2\mandelbrot_v2\debug\main.obj.enc
c:\users\amat_\desktop\ac\mandelbrot\mandelbrot_v2\debug\mandelbrot_v2.pdb
c:\users\amat_\desktop\ac\mandelbrot\mandelbrot_v2\mandelbrot_v2\debug\mandelbrot_v2.tlog\cl.command.1.tlog
c:\users\amat_\desktop\ac\mandelbrot\mandelbrot_v2\mandelbrot_v2\debug\mandelbrot_v2.tlog\cl.read.1.tlog
c:\users\amat_\desktop\ac\mandelbrot\mandelbrot_v2\mandelbrot_v2\debug\mandelbrot_v2.tlog\cl.write.1.tlog
c:\users\amat_\desktop\ac\mandelbrot\mandelbrot_v2\mandelbrot_v2\debug\mandelbrot_v2.tlog\link-cvtres.read.1.tlog
c:\users\amat_\desktop\ac\mandelbrot\mandelbrot_v2\mandelbrot_v2\debug\mandelbrot_v2.tlog\link-cvtres.write.1.tlog
c:\users\amat_\desktop\ac\mandelbrot\mandelbrot_v2\mandelbrot_v2\debug\mandelbrot_v2.tlog\link-rc.read.1.tlog
c:\users\amat_\desktop\ac\mandelbrot\mandelbrot_v2\mandelbrot_v2\debug\mandelbrot_v2.tlog\link-rc.write.1.tlog
c:\users\amat_\desktop\ac\mandelbrot\mandelbrot_v2\mandelbrot_v2\debug\mandelbrot_v2.tlog\link.15608-cvtres.read.1.tlog
c:\users\amat_\desktop\ac\mandelbrot\mandelbrot_v2\mandelbrot_v2\debug\mandelbrot_v2.tlog\link.15608-cvtres.write.1.tlog
c:\users\amat_\desktop\ac\mandelbrot\mandelbrot_v2\mandelbrot_v2\debug\mandelbrot_v2.tlog\link.15608-rc.read.1.tlog
c:\users\amat_\desktop\ac\mandelbrot\mandelbrot_v2\mandelbrot_v2\debug\mandelbrot_v2.tlog\link.15608-rc.write.1.tlog
c:\users\amat_\desktop\ac\mandelbrot\mandelbrot_v2\mandelbrot_v2\debug\mandelbrot_v2.tlog\link.15608.read.1.tlog
c:\users\amat_\desktop\ac\mandelbrot\mandelbrot_v2\mandelbrot_v2\debug\mandelbrot_v2.tlog\link.15608.write.1.tlog
c:\users\amat_\desktop\ac\mandelbrot\mandelbrot_v2\mandelbrot_v2\debug\mandelbrot_v2.tlog\link.command.1.tlog
c:\users\amat_\desktop\ac\mandelbrot\mandelbrot_v2\mandelbrot_v2\debug\mandelbrot_v2.tlog\link.read.1.tlog
c:\users\amat_\desktop\ac\mandelbrot\mandelbrot_v2\mandelbrot_v2\debug\mandelbrot_v2.tlog\link.write.1.tlog
